<?xml version="1.0" encoding="UTF-8"?>
<!-- Generated by org.testng.reporters.JUnitReportReporter -->
<testsuite skipped="0" hostname="TYSS-4F-054" name="scenario.Example" tests="1" failures="0" timestamp="30 Jan 2019 12:27:13 GMT" time="16.574" errors="0">
  <testcase name="run" time="16.574" classname="scenario.Example"/>
</testsuite> <!-- scenario.Example -->
