<?xml version="1.0" encoding="UTF-8"?>
<!-- Generated by org.testng.reporters.JUnitReportReporter -->
<testsuite skipped="0" hostname="TYSS-4F-054" name="scenario.VerifingHomePage" tests="1" failures="0" timestamp="31 Jan 2019 06:42:58 GMT" time="22.167" errors="0">
  <testcase name="run" time="22.167" classname="scenario.VerifingHomePage"/>
</testsuite> <!-- scenario.VerifingHomePage -->
