<?xml version="1.0" encoding="UTF-8"?>
<!-- Generated by org.testng.reporters.JUnitReportReporter -->
<testsuite skipped="0" hostname="TYSS-4F-054" name="scenario.Example" tests="1" failures="0" timestamp="31 Jan 2019 05:17:41 GMT" time="15.128" errors="0">
  <testcase name="run" time="15.128" classname="scenario.Example"/>
</testsuite> <!-- scenario.Example -->
